  ofApp.cpp
  Info: Boost.Config is older than your compiler version - probably nothing bad will happen - but you may wish to look for an update Boost version.  Define BOOST_CONFIG_SUPPRESS_OUTDATED_MESSAGE to suppress this message.
c:\users\d104\desktop\of_v0.11.2_vs2017_release\libs\openframeworks\utils\ofutils.h : warning C4819: 현재 코드 페이지(949)에서 표시할 수 없는 문자가 파일에 들어 있습니다. 데이터가 손실되지 않게 하려면 해당 파일을 유니코드 형식으로 저장하십시오.
c:\users\d104\desktop\of_v0.11.2_vs2017_release\libs\openframeworks\math\ofvec3f.h : warning C4819: 현재 코드 페이지(949)에서 표시할 수 없는 문자가 파일에 들어 있습니다. 데이터가 손실되지 않게 하려면 해당 파일을 유니코드 형식으로 저장하십시오.
c:\users\d104\desktop\of_v0.11.2_vs2017_release\libs\openframeworks\math\ofvec2f.h : warning C4819: 현재 코드 페이지(949)에서 표시할 수 없는 문자가 파일에 들어 있습니다. 데이터가 손실되지 않게 하려면 해당 파일을 유니코드 형식으로 저장하십시오.
c:\users\d104\desktop\of_v0.11.2_vs2017_release\apps\myapps\mazeproj\src\ofapp.cpp(52): warning C4996: 'ofTrueTypeFont::loadFont': Use load instead
  c:\users\d104\desktop\of_v0.11.2_vs2017_release\libs\openframeworks\graphics\oftruetypefont.h(193): note: 'ofTrueTypeFont::loadFont' 선언을 참조하십시오.
c:\users\d104\desktop\of_v0.11.2_vs2017_release\apps\myapps\mazeproj\src\ofapp.cpp(132): warning C4101: 'pos' :참조되지 않은 지역 변수입니다.
c:\users\d104\desktop\of_v0.11.2_vs2017_release\apps\myapps\mazeproj\src\ofapp.cpp(215): warning C4996: 'sprintf': This function or variable may be unsafe. Consider using sprintf_s instead. To disable deprecation, use _CRT_SECURE_NO_WARNINGS. See online help for details.
  c:\program files (x86)\windows kits\10\include\10.0.17763.0\ucrt\stdio.h(1774): note: 'sprintf' 선언을 참조하십시오.
c:\users\d104\desktop\of_v0.11.2_vs2017_release\apps\myapps\mazeproj\src\ofapp.cpp(193): warning C4101: 'j' :참조되지 않은 지역 변수입니다.
c:\users\d104\desktop\of_v0.11.2_vs2017_release\apps\myapps\mazeproj\src\ofapp.cpp(355): warning C4477: 'printf' : 서식 문자열 '%s'에 'char *' 형식의 인수가 필요하지만 variadic 인수 1의 형식이 'std::string'입니다.
c:\users\d104\desktop\of_v0.11.2_vs2017_release\apps\myapps\mazeproj\src\ofapp.cpp(382): warning C4018: '<': signed 또는 unsigned가 일치하지 않습니다.
c:\users\d104\desktop\of_v0.11.2_vs2017_release\apps\myapps\mazeproj\src\ofapp.cpp(421): warning C4715: 'ofApp::readFile': 모든 제어 경로에서 값을 반환하지는 않습니다.
  mazeproj.vcxproj -> C:\Users\D104\Desktop\of_v0.11.2_vs2017_release\apps\myApps\mazeproj\bin\mazeproj_debug.exe
  
  	                   2	C:\Users\D104\Desktop\of_v0.11.2_vs2017_release\libs\fmod\lib\vs\Win32\
  	  *추가 파일  		 6018560	C:\Users\D104\Desktop\of_v0.11.2_vs2017_release\apps\myApps\mazeproj\bin\FreeImage.dll
  
  	                   1	C:\Users\D104\Desktop\of_v0.11.2_vs2017_release\libs\FreeImage\lib\vs\Win32\
  	  *추가 파일  		 1544704	C:\Users\D104\Desktop\of_v0.11.2_vs2017_release\apps\myApps\mazeproj\bin\fmod.dll
  	  *추가 파일  		 1733120	C:\Users\D104\Desktop\of_v0.11.2_vs2017_release\apps\myApps\mazeproj\bin\fmodL.dll
